<?xml version="1.0" encoding="UTF-8"?>
<testng-results skipped="0" failed="0" ignored="0" total="0" passed="0">
  <reporter-output>
  </reporter-output>
  <suite name="SuiteApi" duration-ms="66" started-at="2020-08-28T11:15:33 COT" finished-at="2020-08-28T11:15:33 COT">
    <groups>
    </groups>
    <test name="Create List" duration-ms="18" started-at="2020-08-28T11:15:33 COT" finished-at="2020-08-28T11:15:33 COT">
    </test> <!-- Create List -->
    <test name="Rate the films" duration-ms="2" started-at="2020-08-28T11:15:33 COT" finished-at="2020-08-28T11:15:33 COT">
    </test> <!-- Rate the films -->
  </suite> <!-- SuiteApi -->
</testng-results>
